<?xml version="1.0" encoding="UTF-8"?>
<!-- Generated by org.testng.reporters.JUnitXMLReporter -->
<testsuite hostname="ZenBook" ignored="0" name="Default test" tests="7" failures="0" timestamp="27 дек 2017 10:23:47 GMT" time="0.427" errors="0">
  <testcase name="closeAllConnections" time="0.006" classname="by.epam.internetprovider.dao.database.connectionpool.impl.ConnectionPoolOneTest"/>
  <testcase name="closeClosedconnection" time="0.002" classname="by.epam.internetprovider.dao.database.connectionpool.impl.ConnectionPoolOneTest"/>
  <testcase name="getBusyConnections" time="0.002" classname="by.epam.internetprovider.dao.database.connectionpool.impl.ConnectionPoolOneTest"/>
  <testcase name="getConnection" time="0.001" classname="by.epam.internetprovider.dao.database.connectionpool.impl.ConnectionPoolOneTest"/>
  <testcase name="getFreeConnections" time="0.001" classname="by.epam.internetprovider.dao.database.connectionpool.impl.ConnectionPoolOneTest"/>
  <testcase name="getInstance" time="0.001" classname="by.epam.internetprovider.dao.database.connectionpool.impl.ConnectionPoolOneTest"/>
  <testcase name="releaseConnection" time="0.002" classname="by.epam.internetprovider.dao.database.connectionpool.impl.ConnectionPoolOneTest"/>
</testsuite> <!-- Default test -->
