<?xml version="1.0" encoding="UTF-8"?>
<!-- Generated by org.testng.reporters.JUnitXMLReporter -->
<testsuite hostname="ZenBook" ignored="0" name="Default test" tests="32" failures="0" timestamp="25 дек 2017 09:05:11 GMT" time="0.563" errors="0">
  <testcase name="checkInvalidBallance" time="0.428" classname="by.epam.internetprovider.service.impl.util.ValidationTest"/>
  <testcase name="checkInvalidBallance" time="0.003" classname="by.epam.internetprovider.service.impl.util.ValidationTest"/>
  <testcase name="checkInvalidBallance" time="0.001" classname="by.epam.internetprovider.service.impl.util.ValidationTest"/>
  <testcase name="checkInvalidLogin" time="0.003" classname="by.epam.internetprovider.service.impl.util.ValidationTest"/>
  <testcase name="checkInvalidLogin" time="0.002" classname="by.epam.internetprovider.service.impl.util.ValidationTest"/>
  <testcase name="checkInvalidLogin" time="0.003" classname="by.epam.internetprovider.service.impl.util.ValidationTest"/>
  <testcase name="checkInvalidLogin" time="0.002" classname="by.epam.internetprovider.service.impl.util.ValidationTest"/>
  <testcase name="checkInvalidMail" time="0.001" classname="by.epam.internetprovider.service.impl.util.ValidationTest"/>
  <testcase name="checkInvalidMail" time="0.003" classname="by.epam.internetprovider.service.impl.util.ValidationTest"/>
  <testcase name="checkInvalidMail" time="0.001" classname="by.epam.internetprovider.service.impl.util.ValidationTest"/>
  <testcase name="checkInvalidMail" time="0.001" classname="by.epam.internetprovider.service.impl.util.ValidationTest"/>
  <testcase name="checkInvalidMail" time="0.002" classname="by.epam.internetprovider.service.impl.util.ValidationTest"/>
  <testcase name="checkInvalidName" time="0.0" classname="by.epam.internetprovider.service.impl.util.ValidationTest"/>
  <testcase name="checkInvalidName" time="0.001" classname="by.epam.internetprovider.service.impl.util.ValidationTest"/>
  <testcase name="checkInvalidName" time="0.001" classname="by.epam.internetprovider.service.impl.util.ValidationTest"/>
  <testcase name="checkInvalidName" time="0.0" classname="by.epam.internetprovider.service.impl.util.ValidationTest"/>
  <testcase name="checkValidBallance" time="0.001" classname="by.epam.internetprovider.service.impl.util.ValidationTest"/>
  <testcase name="checkValidBallance" time="0.001" classname="by.epam.internetprovider.service.impl.util.ValidationTest"/>
  <testcase name="checkValidBallance" time="0.005" classname="by.epam.internetprovider.service.impl.util.ValidationTest"/>
  <testcase name="checkValidBallance" time="0.001" classname="by.epam.internetprovider.service.impl.util.ValidationTest"/>
  <testcase name="checkValidBallance" time="0.0" classname="by.epam.internetprovider.service.impl.util.ValidationTest"/>
  <testcase name="checkValidBallance" time="0.001" classname="by.epam.internetprovider.service.impl.util.ValidationTest"/>
  <testcase name="checkValidmail" time="0.001" classname="by.epam.internetprovider.service.impl.util.ValidationTest"/>
  <testcase name="checkValidmail" time="0.003" classname="by.epam.internetprovider.service.impl.util.ValidationTest"/>
  <testcase name="checkValidmail" time="0.001" classname="by.epam.internetprovider.service.impl.util.ValidationTest"/>
  <testcase name="checkvalidLogin" time="0.001" classname="by.epam.internetprovider.service.impl.util.ValidationTest"/>
  <testcase name="checkvalidLogin" time="0.003" classname="by.epam.internetprovider.service.impl.util.ValidationTest"/>
  <testcase name="checkvalidLogin" time="0.002" classname="by.epam.internetprovider.service.impl.util.ValidationTest"/>
  <testcase name="checkvalidName" time="0.001" classname="by.epam.internetprovider.service.impl.util.ValidationTest"/>
  <testcase name="checkvalidName" time="0.001" classname="by.epam.internetprovider.service.impl.util.ValidationTest"/>
  <testcase name="checkvalidName" time="0.001" classname="by.epam.internetprovider.service.impl.util.ValidationTest"/>
  <testcase name="checkvalidName" time="0.002" classname="by.epam.internetprovider.service.impl.util.ValidationTest"/>
</testsuite> <!-- Default test -->
