<?xml version="1.0" encoding="UTF-8"?>
<!-- Generated by org.testng.reporters.JUnitXMLReporter -->
<testsuite hostname="ZenBook" ignored="0" name="Default test" tests="32" failures="0" timestamp="01 фев 2018 19:31:22 GMT" time="1.017" errors="0">
  <testcase name="checkInvalidBallance" time="0.773" classname="by.epam.internetprovider.service.impl.util.ValidationTest"/>
  <testcase name="checkInvalidBallance" time="0.002" classname="by.epam.internetprovider.service.impl.util.ValidationTest"/>
  <testcase name="checkInvalidBallance" time="0.002" classname="by.epam.internetprovider.service.impl.util.ValidationTest"/>
  <testcase name="checkInvalidLogin" time="0.001" classname="by.epam.internetprovider.service.impl.util.ValidationTest"/>
  <testcase name="checkInvalidLogin" time="0.001" classname="by.epam.internetprovider.service.impl.util.ValidationTest"/>
  <testcase name="checkInvalidLogin" time="0.001" classname="by.epam.internetprovider.service.impl.util.ValidationTest"/>
  <testcase name="checkInvalidLogin" time="0.0" classname="by.epam.internetprovider.service.impl.util.ValidationTest"/>
  <testcase name="checkInvalidMail" time="0.001" classname="by.epam.internetprovider.service.impl.util.ValidationTest"/>
  <testcase name="checkInvalidMail" time="0.002" classname="by.epam.internetprovider.service.impl.util.ValidationTest"/>
  <testcase name="checkInvalidMail" time="0.004" classname="by.epam.internetprovider.service.impl.util.ValidationTest"/>
  <testcase name="checkInvalidMail" time="0.005" classname="by.epam.internetprovider.service.impl.util.ValidationTest"/>
  <testcase name="checkInvalidMail" time="0.018" classname="by.epam.internetprovider.service.impl.util.ValidationTest"/>
  <testcase name="checkInvalidName" time="0.003" classname="by.epam.internetprovider.service.impl.util.ValidationTest"/>
  <testcase name="checkInvalidName" time="0.004" classname="by.epam.internetprovider.service.impl.util.ValidationTest"/>
  <testcase name="checkInvalidName" time="0.001" classname="by.epam.internetprovider.service.impl.util.ValidationTest"/>
  <testcase name="checkInvalidName" time="0.002" classname="by.epam.internetprovider.service.impl.util.ValidationTest"/>
  <testcase name="checkValidBallance" time="0.001" classname="by.epam.internetprovider.service.impl.util.ValidationTest"/>
  <testcase name="checkValidBallance" time="0.001" classname="by.epam.internetprovider.service.impl.util.ValidationTest"/>
  <testcase name="checkValidBallance" time="0.005" classname="by.epam.internetprovider.service.impl.util.ValidationTest"/>
  <testcase name="checkValidBallance" time="0.001" classname="by.epam.internetprovider.service.impl.util.ValidationTest"/>
  <testcase name="checkValidBallance" time="0.004" classname="by.epam.internetprovider.service.impl.util.ValidationTest"/>
  <testcase name="checkValidBallance" time="0.006" classname="by.epam.internetprovider.service.impl.util.ValidationTest"/>
  <testcase name="checkValidmail" time="0.003" classname="by.epam.internetprovider.service.impl.util.ValidationTest"/>
  <testcase name="checkValidmail" time="0.008" classname="by.epam.internetprovider.service.impl.util.ValidationTest"/>
  <testcase name="checkValidmail" time="0.003" classname="by.epam.internetprovider.service.impl.util.ValidationTest"/>
  <testcase name="checkvalidLogin" time="0.002" classname="by.epam.internetprovider.service.impl.util.ValidationTest"/>
  <testcase name="checkvalidLogin" time="0.002" classname="by.epam.internetprovider.service.impl.util.ValidationTest"/>
  <testcase name="checkvalidLogin" time="0.002" classname="by.epam.internetprovider.service.impl.util.ValidationTest"/>
  <testcase name="checkvalidName" time="0.005" classname="by.epam.internetprovider.service.impl.util.ValidationTest"/>
  <testcase name="checkvalidName" time="0.002" classname="by.epam.internetprovider.service.impl.util.ValidationTest"/>
  <testcase name="checkvalidName" time="0.001" classname="by.epam.internetprovider.service.impl.util.ValidationTest"/>
  <testcase name="checkvalidName" time="0.002" classname="by.epam.internetprovider.service.impl.util.ValidationTest"/>
</testsuite> <!-- Default test -->
