<?xml version="1.0" encoding="UTF-8"?>
<testng-results skipped="0" failed="0" ignored="0" total="32" passed="32">
  <reporter-output>
  </reporter-output>
  <suite name="Default suite" duration-ms="1017" started-at="2018-02-01T19:31:21Z" finished-at="2018-02-01T19:31:22Z">
    <groups>
    </groups>
    <test name="Default test" duration-ms="1017" started-at="2018-02-01T19:31:21Z" finished-at="2018-02-01T19:31:22Z">
      <class name="by.epam.internetprovider.service.impl.util.ValidationTest">
        <test-method status="PASS" signature="checkInvalidBallance(java.math.BigDecimal)[pri:0, instance:by.epam.internetprovider.service.impl.util.ValidationTest@8bd1b6a]" name="checkInvalidBallance" duration-ms="773" started-at="2018-02-01T22:31:21Z" data-provider="invalidBallance" finished-at="2018-02-01T22:31:21Z">
          <params>
            <param index="0">
              <value>
                <![CDATA[1000]]>
              </value>
            </param>
          </params>
          <reporter-output>
          </reporter-output>
        </test-method> <!-- checkInvalidBallance -->
        <test-method status="PASS" signature="checkInvalidBallance(java.math.BigDecimal)[pri:0, instance:by.epam.internetprovider.service.impl.util.ValidationTest@8bd1b6a]" name="checkInvalidBallance" duration-ms="2" started-at="2018-02-01T22:31:21Z" data-provider="invalidBallance" finished-at="2018-02-01T22:31:21Z">
          <params>
            <param index="0">
              <value>
                <![CDATA[-999.9]]>
              </value>
            </param>
          </params>
          <reporter-output>
          </reporter-output>
        </test-method> <!-- checkInvalidBallance -->
        <test-method status="PASS" signature="checkInvalidBallance(java.math.BigDecimal)[pri:0, instance:by.epam.internetprovider.service.impl.util.ValidationTest@8bd1b6a]" name="checkInvalidBallance" duration-ms="2" started-at="2018-02-01T22:31:21Z" data-provider="invalidBallance" finished-at="2018-02-01T22:31:21Z">
          <params>
            <param index="0">
              <value is-null="true"/>
            </param>
          </params>
          <reporter-output>
          </reporter-output>
        </test-method> <!-- checkInvalidBallance -->
        <test-method status="PASS" signature="checkInvalidLogin(java.lang.String)[pri:0, instance:by.epam.internetprovider.service.impl.util.ValidationTest@8bd1b6a]" name="checkInvalidLogin" duration-ms="1" started-at="2018-02-01T22:31:21Z" data-provider="invalidLogin" finished-at="2018-02-01T22:31:21Z">
          <params>
            <param index="0">
              <value>
                <![CDATA[1qwErty]]>
              </value>
            </param>
          </params>
          <reporter-output>
          </reporter-output>
        </test-method> <!-- checkInvalidLogin -->
        <test-method status="PASS" signature="checkInvalidLogin(java.lang.String)[pri:0, instance:by.epam.internetprovider.service.impl.util.ValidationTest@8bd1b6a]" name="checkInvalidLogin" duration-ms="1" started-at="2018-02-01T22:31:21Z" data-provider="invalidLogin" finished-at="2018-02-01T22:31:21Z">
          <params>
            <param index="0">
              <value>
                <![CDATA[&user1]]>
              </value>
            </param>
          </params>
          <reporter-output>
          </reporter-output>
        </test-method> <!-- checkInvalidLogin -->
        <test-method status="PASS" signature="checkInvalidLogin(java.lang.String)[pri:0, instance:by.epam.internetprovider.service.impl.util.ValidationTest@8bd1b6a]" name="checkInvalidLogin" duration-ms="1" started-at="2018-02-01T22:31:21Z" data-provider="invalidLogin" finished-at="2018-02-01T22:31:21Z">
          <params>
            <param index="0">
              <value>
                <![CDATA[john]]>
              </value>
            </param>
          </params>
          <reporter-output>
          </reporter-output>
        </test-method> <!-- checkInvalidLogin -->
        <test-method status="PASS" signature="checkInvalidLogin(java.lang.String)[pri:0, instance:by.epam.internetprovider.service.impl.util.ValidationTest@8bd1b6a]" name="checkInvalidLogin" duration-ms="0" started-at="2018-02-01T22:31:21Z" data-provider="invalidLogin" finished-at="2018-02-01T22:31:21Z">
          <params>
            <param index="0">
              <value is-null="true"/>
            </param>
          </params>
          <reporter-output>
          </reporter-output>
        </test-method> <!-- checkInvalidLogin -->
        <test-method status="PASS" signature="checkInvalidMail(java.lang.String)[pri:0, instance:by.epam.internetprovider.service.impl.util.ValidationTest@8bd1b6a]" name="checkInvalidMail" duration-ms="1" started-at="2018-02-01T22:31:21Z" data-provider="invalidmail" finished-at="2018-02-01T22:31:21Z">
          <params>
            <param index="0">
              <value is-null="true"/>
            </param>
          </params>
          <reporter-output>
          </reporter-output>
        </test-method> <!-- checkInvalidMail -->
        <test-method status="PASS" signature="checkInvalidMail(java.lang.String)[pri:0, instance:by.epam.internetprovider.service.impl.util.ValidationTest@8bd1b6a]" name="checkInvalidMail" duration-ms="2" started-at="2018-02-01T22:31:21Z" data-provider="invalidmail" finished-at="2018-02-01T22:31:21Z">
          <params>
            <param index="0">
              <value>
                <![CDATA[testmail@test]]>
              </value>
            </param>
          </params>
          <reporter-output>
          </reporter-output>
        </test-method> <!-- checkInvalidMail -->
        <test-method status="PASS" signature="checkInvalidMail(java.lang.String)[pri:0, instance:by.epam.internetprovider.service.impl.util.ValidationTest@8bd1b6a]" name="checkInvalidMail" duration-ms="4" started-at="2018-02-01T22:31:22Z" data-provider="invalidmail" finished-at="2018-02-01T22:31:22Z">
          <params>
            <param index="0">
              <value>
                <![CDATA[more-test@mail.ru]]>
              </value>
            </param>
          </params>
          <reporter-output>
          </reporter-output>
        </test-method> <!-- checkInvalidMail -->
        <test-method status="PASS" signature="checkInvalidMail(java.lang.String)[pri:0, instance:by.epam.internetprovider.service.impl.util.ValidationTest@8bd1b6a]" name="checkInvalidMail" duration-ms="5" started-at="2018-02-01T22:31:22Z" data-provider="invalidmail" finished-at="2018-02-01T22:31:22Z">
          <params>
            <param index="0">
              <value>
                <![CDATA[sample$.adress@usa.de]]>
              </value>
            </param>
          </params>
          <reporter-output>
          </reporter-output>
        </test-method> <!-- checkInvalidMail -->
        <test-method status="PASS" signature="checkInvalidMail(java.lang.String)[pri:0, instance:by.epam.internetprovider.service.impl.util.ValidationTest@8bd1b6a]" name="checkInvalidMail" duration-ms="18" started-at="2018-02-01T22:31:22Z" data-provider="invalidmail" finished-at="2018-02-01T22:31:22Z">
          <params>
            <param index="0">
              <value>
                <![CDATA[bad@adress]]>
              </value>
            </param>
          </params>
          <reporter-output>
          </reporter-output>
        </test-method> <!-- checkInvalidMail -->
        <test-method status="PASS" signature="checkInvalidName(java.lang.String)[pri:0, instance:by.epam.internetprovider.service.impl.util.ValidationTest@8bd1b6a]" name="checkInvalidName" duration-ms="3" started-at="2018-02-01T22:31:22Z" data-provider="invalidName" finished-at="2018-02-01T22:31:22Z">
          <params>
            <param index="0">
              <value>
                <![CDATA[]]>
              </value>
            </param>
          </params>
          <reporter-output>
          </reporter-output>
        </test-method> <!-- checkInvalidName -->
        <test-method status="PASS" signature="checkInvalidName(java.lang.String)[pri:0, instance:by.epam.internetprovider.service.impl.util.ValidationTest@8bd1b6a]" name="checkInvalidName" duration-ms="4" started-at="2018-02-01T22:31:22Z" data-provider="invalidName" finished-at="2018-02-01T22:31:22Z">
          <params>
            <param index="0">
              <value>
                <![CDATA[na me]]>
              </value>
            </param>
          </params>
          <reporter-output>
          </reporter-output>
        </test-method> <!-- checkInvalidName -->
        <test-method status="PASS" signature="checkInvalidName(java.lang.String)[pri:0, instance:by.epam.internetprovider.service.impl.util.ValidationTest@8bd1b6a]" name="checkInvalidName" duration-ms="1" started-at="2018-02-01T22:31:22Z" data-provider="invalidName" finished-at="2018-02-01T22:31:22Z">
          <params>
            <param index="0">
              <value>
                <![CDATA[  ]]>
              </value>
            </param>
          </params>
          <reporter-output>
          </reporter-output>
        </test-method> <!-- checkInvalidName -->
        <test-method status="PASS" signature="checkInvalidName(java.lang.String)[pri:0, instance:by.epam.internetprovider.service.impl.util.ValidationTest@8bd1b6a]" name="checkInvalidName" duration-ms="2" started-at="2018-02-01T22:31:22Z" data-provider="invalidName" finished-at="2018-02-01T22:31:22Z">
          <params>
            <param index="0">
              <value is-null="true"/>
            </param>
          </params>
          <reporter-output>
          </reporter-output>
        </test-method> <!-- checkInvalidName -->
        <test-method status="PASS" signature="checkValidBallance(java.math.BigDecimal)[pri:0, instance:by.epam.internetprovider.service.impl.util.ValidationTest@8bd1b6a]" name="checkValidBallance" duration-ms="1" started-at="2018-02-01T22:31:22Z" data-provider="validBallance" finished-at="2018-02-01T22:31:22Z">
          <params>
            <param index="0">
              <value>
                <![CDATA[0]]>
              </value>
            </param>
          </params>
          <reporter-output>
          </reporter-output>
        </test-method> <!-- checkValidBallance -->
        <test-method status="PASS" signature="checkValidBallance(java.math.BigDecimal)[pri:0, instance:by.epam.internetprovider.service.impl.util.ValidationTest@8bd1b6a]" name="checkValidBallance" duration-ms="1" started-at="2018-02-01T22:31:22Z" data-provider="validBallance" finished-at="2018-02-01T22:31:22Z">
          <params>
            <param index="0">
              <value>
                <![CDATA[100.5]]>
              </value>
            </param>
          </params>
          <reporter-output>
          </reporter-output>
        </test-method> <!-- checkValidBallance -->
        <test-method status="PASS" signature="checkValidBallance(java.math.BigDecimal)[pri:0, instance:by.epam.internetprovider.service.impl.util.ValidationTest@8bd1b6a]" name="checkValidBallance" duration-ms="5" started-at="2018-02-01T22:31:22Z" data-provider="validBallance" finished-at="2018-02-01T22:31:22Z">
          <params>
            <param index="0">
              <value>
                <![CDATA[998.67]]>
              </value>
            </param>
          </params>
          <reporter-output>
          </reporter-output>
        </test-method> <!-- checkValidBallance -->
        <test-method status="PASS" signature="checkValidBallance(java.math.BigDecimal)[pri:0, instance:by.epam.internetprovider.service.impl.util.ValidationTest@8bd1b6a]" name="checkValidBallance" duration-ms="1" started-at="2018-02-01T22:31:22Z" data-provider="validBallance" finished-at="2018-02-01T22:31:22Z">
          <params>
            <param index="0">
              <value>
                <![CDATA[-80.9]]>
              </value>
            </param>
          </params>
          <reporter-output>
          </reporter-output>
        </test-method> <!-- checkValidBallance -->
        <test-method status="PASS" signature="checkValidBallance(java.math.BigDecimal)[pri:0, instance:by.epam.internetprovider.service.impl.util.ValidationTest@8bd1b6a]" name="checkValidBallance" duration-ms="4" started-at="2018-02-01T22:31:22Z" data-provider="validBallance" finished-at="2018-02-01T22:31:22Z">
          <params>
            <param index="0">
              <value>
                <![CDATA[-666.666]]>
              </value>
            </param>
          </params>
          <reporter-output>
          </reporter-output>
        </test-method> <!-- checkValidBallance -->
        <test-method status="PASS" signature="checkValidBallance(java.math.BigDecimal)[pri:0, instance:by.epam.internetprovider.service.impl.util.ValidationTest@8bd1b6a]" name="checkValidBallance" duration-ms="6" started-at="2018-02-01T22:31:22Z" data-provider="validBallance" finished-at="2018-02-01T22:31:22Z">
          <params>
            <param index="0">
              <value>
                <![CDATA[-999]]>
              </value>
            </param>
          </params>
          <reporter-output>
          </reporter-output>
        </test-method> <!-- checkValidBallance -->
        <test-method status="PASS" signature="checkValidmail(java.lang.String)[pri:0, instance:by.epam.internetprovider.service.impl.util.ValidationTest@8bd1b6a]" name="checkValidmail" duration-ms="3" started-at="2018-02-01T22:31:22Z" data-provider="validmail" finished-at="2018-02-01T22:31:22Z">
          <params>
            <param index="0">
              <value>
                <![CDATA[testmail@test.com]]>
              </value>
            </param>
          </params>
          <reporter-output>
          </reporter-output>
        </test-method> <!-- checkValidmail -->
        <test-method status="PASS" signature="checkValidmail(java.lang.String)[pri:0, instance:by.epam.internetprovider.service.impl.util.ValidationTest@8bd1b6a]" name="checkValidmail" duration-ms="8" started-at="2018-02-01T22:31:22Z" data-provider="validmail" finished-at="2018-02-01T22:31:22Z">
          <params>
            <param index="0">
              <value>
                <![CDATA[more_test@mail.ru]]>
              </value>
            </param>
          </params>
          <reporter-output>
          </reporter-output>
        </test-method> <!-- checkValidmail -->
        <test-method status="PASS" signature="checkValidmail(java.lang.String)[pri:0, instance:by.epam.internetprovider.service.impl.util.ValidationTest@8bd1b6a]" name="checkValidmail" duration-ms="3" started-at="2018-02-01T22:31:22Z" data-provider="validmail" finished-at="2018-02-01T22:31:22Z">
          <params>
            <param index="0">
              <value>
                <![CDATA[sample.adress@usa.de]]>
              </value>
            </param>
          </params>
          <reporter-output>
          </reporter-output>
        </test-method> <!-- checkValidmail -->
        <test-method status="PASS" signature="checkvalidLogin(java.lang.String)[pri:0, instance:by.epam.internetprovider.service.impl.util.ValidationTest@8bd1b6a]" name="checkvalidLogin" duration-ms="2" started-at="2018-02-01T22:31:22Z" data-provider="validLogin" finished-at="2018-02-01T22:31:22Z">
          <params>
            <param index="0">
              <value>
                <![CDATA[qwErty]]>
              </value>
            </param>
          </params>
          <reporter-output>
          </reporter-output>
        </test-method> <!-- checkvalidLogin -->
        <test-method status="PASS" signature="checkvalidLogin(java.lang.String)[pri:0, instance:by.epam.internetprovider.service.impl.util.ValidationTest@8bd1b6a]" name="checkvalidLogin" duration-ms="2" started-at="2018-02-01T22:31:22Z" data-provider="validLogin" finished-at="2018-02-01T22:31:22Z">
          <params>
            <param index="0">
              <value>
                <![CDATA[_user1]]>
              </value>
            </param>
          </params>
          <reporter-output>
          </reporter-output>
        </test-method> <!-- checkvalidLogin -->
        <test-method status="PASS" signature="checkvalidLogin(java.lang.String)[pri:0, instance:by.epam.internetprovider.service.impl.util.ValidationTest@8bd1b6a]" name="checkvalidLogin" duration-ms="2" started-at="2018-02-01T22:31:22Z" data-provider="validLogin" finished-at="2018-02-01T22:31:22Z">
          <params>
            <param index="0">
              <value>
                <![CDATA[john_sm]]>
              </value>
            </param>
          </params>
          <reporter-output>
          </reporter-output>
        </test-method> <!-- checkvalidLogin -->
        <test-method status="PASS" signature="checkvalidName(java.lang.String)[pri:0, instance:by.epam.internetprovider.service.impl.util.ValidationTest@8bd1b6a]" name="checkvalidName" duration-ms="5" started-at="2018-02-01T22:31:22Z" data-provider="validName" finished-at="2018-02-01T22:31:22Z">
          <params>
            <param index="0">
              <value>
                <![CDATA[qwErty]]>
              </value>
            </param>
          </params>
          <reporter-output>
          </reporter-output>
        </test-method> <!-- checkvalidName -->
        <test-method status="PASS" signature="checkvalidName(java.lang.String)[pri:0, instance:by.epam.internetprovider.service.impl.util.ValidationTest@8bd1b6a]" name="checkvalidName" duration-ms="2" started-at="2018-02-01T22:31:22Z" data-provider="validName" finished-at="2018-02-01T22:31:22Z">
          <params>
            <param index="0">
              <value>
                <![CDATA[_user1]]>
              </value>
            </param>
          </params>
          <reporter-output>
          </reporter-output>
        </test-method> <!-- checkvalidName -->
        <test-method status="PASS" signature="checkvalidName(java.lang.String)[pri:0, instance:by.epam.internetprovider.service.impl.util.ValidationTest@8bd1b6a]" name="checkvalidName" duration-ms="1" started-at="2018-02-01T22:31:22Z" data-provider="validName" finished-at="2018-02-01T22:31:22Z">
          <params>
            <param index="0">
              <value>
                <![CDATA[john_sm]]>
              </value>
            </param>
          </params>
          <reporter-output>
          </reporter-output>
        </test-method> <!-- checkvalidName -->
        <test-method status="PASS" signature="checkvalidName(java.lang.String)[pri:0, instance:by.epam.internetprovider.service.impl.util.ValidationTest@8bd1b6a]" name="checkvalidName" duration-ms="2" started-at="2018-02-01T22:31:22Z" data-provider="validName" finished-at="2018-02-01T22:31:22Z">
          <params>
            <param index="0">
              <value>
                <![CDATA[11242-34]]>
              </value>
            </param>
          </params>
          <reporter-output>
          </reporter-output>
        </test-method> <!-- checkvalidName -->
      </class> <!-- by.epam.internetprovider.service.impl.util.ValidationTest -->
    </test> <!-- Default test -->
  </suite> <!-- Default suite -->
</testng-results>
