<?xml version="1.0" encoding="UTF-8"?>
<testng-results skipped="0" failed="0" ignored="0" total="1" passed="1">
  <reporter-output>
  </reporter-output>
  <suite name="Default suite" duration-ms="602" started-at="2018-02-15T19:50:40Z" finished-at="2018-02-15T19:50:41Z">
    <groups>
    </groups>
    <test name="Default test" duration-ms="602" started-at="2018-02-15T19:50:40Z" finished-at="2018-02-15T19:50:41Z">
      <class name="by.epam.internetprovider.service.impl.util.PasswordComputer">
        <test-method status="PASS" signature="hashTesting()[pri:0, instance:by.epam.internetprovider.service.impl.util.PasswordComputer@18be83e4]" name="hashTesting" duration-ms="580" started-at="2018-02-15T22:50:40Z" finished-at="2018-02-15T22:50:41Z">
          <reporter-output>
          </reporter-output>
        </test-method> <!-- hashTesting -->
      </class> <!-- by.epam.internetprovider.service.impl.util.PasswordComputer -->
    </test> <!-- Default test -->
  </suite> <!-- Default suite -->
</testng-results>
