<?xml version="1.0" encoding="UTF-8"?>
<testng-results skipped="0" failed="0" ignored="0" total="7" passed="7">
  <reporter-output>
  </reporter-output>
  <suite name="Default suite" duration-ms="427" started-at="2017-12-27T10:23:46Z" finished-at="2017-12-27T10:23:46Z">
    <groups>
    </groups>
    <test name="Default test" duration-ms="427" started-at="2017-12-27T10:23:46Z" finished-at="2017-12-27T10:23:46Z">
      <class name="by.epam.internetprovider.dao.database.connectionpool.impl.ConnectionPoolOneTest">
        <test-method status="PASS" signature="initPoll()[pri:0, instance:by.epam.internetprovider.dao.database.connectionpool.impl.ConnectionPoolOneTest@123ef382]" name="initPoll" is-config="true" duration-ms="255" started-at="2017-12-27T13:23:46Z" finished-at="2017-12-27T13:23:46Z">
          <reporter-output>
          </reporter-output>
        </test-method> <!-- initPoll -->
        <test-method status="PASS" signature="closeAllConnections()[pri:0, instance:by.epam.internetprovider.dao.database.connectionpool.impl.ConnectionPoolOneTest@123ef382]" name="closeAllConnections" duration-ms="6" started-at="2017-12-27T13:23:46Z" finished-at="2017-12-27T13:23:46Z">
          <reporter-output>
          </reporter-output>
        </test-method> <!-- closeAllConnections -->
        <test-method status="PASS" signature="closePool()[pri:0, instance:by.epam.internetprovider.dao.database.connectionpool.impl.ConnectionPoolOneTest@123ef382]" name="closePool" is-config="true" duration-ms="0" started-at="2017-12-27T13:23:46Z" finished-at="2017-12-27T13:23:46Z">
          <reporter-output>
          </reporter-output>
        </test-method> <!-- closePool -->
        <test-method status="PASS" signature="initPoll()[pri:0, instance:by.epam.internetprovider.dao.database.connectionpool.impl.ConnectionPoolOneTest@123ef382]" name="initPoll" is-config="true" duration-ms="25" started-at="2017-12-27T13:23:46Z" finished-at="2017-12-27T13:23:46Z">
          <reporter-output>
          </reporter-output>
        </test-method> <!-- initPoll -->
        <test-method status="PASS" signature="closeClosedconnection()[pri:0, instance:by.epam.internetprovider.dao.database.connectionpool.impl.ConnectionPoolOneTest@123ef382]" name="closeClosedconnection" duration-ms="2" started-at="2017-12-27T13:23:46Z" finished-at="2017-12-27T13:23:46Z">
          <exception class="by.epam.internetprovider.dao.database.connectionpool.exception.ConnectionPoolException">
            <message>
              <![CDATA[Attempting to close closed connection.]]>
            </message>
            <full-stacktrace>
              <![CDATA[by.epam.internetprovider.dao.database.connectionpool.exception.ConnectionPoolException: Attempting to close closed connection.
	at by.epam.internetprovider.dao.database.connectionpool.impl.ConnectionPoolOne$PooledConnection.close(ConnectionPoolOne.java:227)
	at by.epam.internetprovider.dao.database.connectionpool.impl.ConnectionPoolOneTest.closeClosedconnection(ConnectionPoolOneTest.java:67)
	at sun.reflect.NativeMethodAccessorImpl.invoke0(Native Method)
	at sun.reflect.NativeMethodAccessorImpl.invoke(NativeMethodAccessorImpl.java:62)
	at sun.reflect.DelegatingMethodAccessorImpl.invoke(DelegatingMethodAccessorImpl.java:43)
	at java.lang.reflect.Method.invoke(Method.java:498)
	at org.testng.internal.MethodInvocationHelper.invokeMethod(MethodInvocationHelper.java:108)
	at org.testng.internal.Invoker.invokeMethod(Invoker.java:661)
	at org.testng.internal.Invoker.invokeTestMethod(Invoker.java:869)
	at org.testng.internal.Invoker.invokeTestMethods(Invoker.java:1193)
	at org.testng.internal.TestMethodWorker.invokeTestMethods(TestMethodWorker.java:126)
	at org.testng.internal.TestMethodWorker.run(TestMethodWorker.java:109)
	at org.testng.TestRunner.privateRun(TestRunner.java:744)
	at org.testng.TestRunner.run(TestRunner.java:602)
	at org.testng.SuiteRunner.runTest(SuiteRunner.java:380)
	at org.testng.SuiteRunner.runSequentially(SuiteRunner.java:375)
	at org.testng.SuiteRunner.privateRun(SuiteRunner.java:340)
	at org.testng.SuiteRunner.run(SuiteRunner.java:289)
	at org.testng.SuiteRunnerWorker.runSuite(SuiteRunnerWorker.java:52)
	at org.testng.SuiteRunnerWorker.run(SuiteRunnerWorker.java:86)
	at org.testng.TestNG.runSuitesSequentially(TestNG.java:1301)
	at org.testng.TestNG.runSuitesLocally(TestNG.java:1226)
	at org.testng.TestNG.runSuites(TestNG.java:1144)
	at org.testng.TestNG.run(TestNG.java:1115)
	at org.testng.remote.AbstractRemoteTestNG.run(AbstractRemoteTestNG.java:114)
	at org.testng.remote.RemoteTestNG.initAndRun(RemoteTestNG.java:251)
	at org.testng.remote.RemoteTestNG.main(RemoteTestNG.java:77)
]]>
            </full-stacktrace>
          </exception> <!-- by.epam.internetprovider.dao.database.connectionpool.exception.ConnectionPoolException -->
          <reporter-output>
          </reporter-output>
        </test-method> <!-- closeClosedconnection -->
        <test-method status="PASS" signature="closePool()[pri:0, instance:by.epam.internetprovider.dao.database.connectionpool.impl.ConnectionPoolOneTest@123ef382]" name="closePool" is-config="true" duration-ms="1" started-at="2017-12-27T13:23:46Z" finished-at="2017-12-27T13:23:46Z">
          <reporter-output>
          </reporter-output>
        </test-method> <!-- closePool -->
        <test-method status="PASS" signature="initPoll()[pri:0, instance:by.epam.internetprovider.dao.database.connectionpool.impl.ConnectionPoolOneTest@123ef382]" name="initPoll" is-config="true" duration-ms="18" started-at="2017-12-27T13:23:46Z" finished-at="2017-12-27T13:23:46Z">
          <reporter-output>
          </reporter-output>
        </test-method> <!-- initPoll -->
        <test-method status="PASS" signature="getBusyConnections()[pri:0, instance:by.epam.internetprovider.dao.database.connectionpool.impl.ConnectionPoolOneTest@123ef382]" name="getBusyConnections" duration-ms="2" started-at="2017-12-27T13:23:46Z" finished-at="2017-12-27T13:23:46Z">
          <reporter-output>
          </reporter-output>
        </test-method> <!-- getBusyConnections -->
        <test-method status="PASS" signature="closePool()[pri:0, instance:by.epam.internetprovider.dao.database.connectionpool.impl.ConnectionPoolOneTest@123ef382]" name="closePool" is-config="true" duration-ms="0" started-at="2017-12-27T13:23:46Z" finished-at="2017-12-27T13:23:46Z">
          <reporter-output>
          </reporter-output>
        </test-method> <!-- closePool -->
        <test-method status="PASS" signature="initPoll()[pri:0, instance:by.epam.internetprovider.dao.database.connectionpool.impl.ConnectionPoolOneTest@123ef382]" name="initPoll" is-config="true" duration-ms="19" started-at="2017-12-27T13:23:46Z" finished-at="2017-12-27T13:23:46Z">
          <reporter-output>
          </reporter-output>
        </test-method> <!-- initPoll -->
        <test-method status="PASS" signature="getConnection()[pri:0, instance:by.epam.internetprovider.dao.database.connectionpool.impl.ConnectionPoolOneTest@123ef382]" name="getConnection" duration-ms="1" started-at="2017-12-27T13:23:46Z" finished-at="2017-12-27T13:23:46Z">
          <reporter-output>
          </reporter-output>
        </test-method> <!-- getConnection -->
        <test-method status="PASS" signature="closePool()[pri:0, instance:by.epam.internetprovider.dao.database.connectionpool.impl.ConnectionPoolOneTest@123ef382]" name="closePool" is-config="true" duration-ms="0" started-at="2017-12-27T13:23:46Z" finished-at="2017-12-27T13:23:46Z">
          <reporter-output>
          </reporter-output>
        </test-method> <!-- closePool -->
        <test-method status="PASS" signature="initPoll()[pri:0, instance:by.epam.internetprovider.dao.database.connectionpool.impl.ConnectionPoolOneTest@123ef382]" name="initPoll" is-config="true" duration-ms="17" started-at="2017-12-27T13:23:46Z" finished-at="2017-12-27T13:23:46Z">
          <reporter-output>
          </reporter-output>
        </test-method> <!-- initPoll -->
        <test-method status="PASS" signature="getFreeConnections()[pri:0, instance:by.epam.internetprovider.dao.database.connectionpool.impl.ConnectionPoolOneTest@123ef382]" name="getFreeConnections" duration-ms="1" started-at="2017-12-27T13:23:46Z" finished-at="2017-12-27T13:23:46Z">
          <reporter-output>
          </reporter-output>
        </test-method> <!-- getFreeConnections -->
        <test-method status="PASS" signature="closePool()[pri:0, instance:by.epam.internetprovider.dao.database.connectionpool.impl.ConnectionPoolOneTest@123ef382]" name="closePool" is-config="true" duration-ms="1" started-at="2017-12-27T13:23:46Z" finished-at="2017-12-27T13:23:46Z">
          <reporter-output>
          </reporter-output>
        </test-method> <!-- closePool -->
        <test-method status="PASS" signature="initPoll()[pri:0, instance:by.epam.internetprovider.dao.database.connectionpool.impl.ConnectionPoolOneTest@123ef382]" name="initPoll" is-config="true" duration-ms="20" started-at="2017-12-27T13:23:46Z" finished-at="2017-12-27T13:23:46Z">
          <reporter-output>
          </reporter-output>
        </test-method> <!-- initPoll -->
        <test-method status="PASS" signature="getInstance()[pri:0, instance:by.epam.internetprovider.dao.database.connectionpool.impl.ConnectionPoolOneTest@123ef382]" name="getInstance" duration-ms="1" started-at="2017-12-27T13:23:46Z" finished-at="2017-12-27T13:23:46Z">
          <reporter-output>
          </reporter-output>
        </test-method> <!-- getInstance -->
        <test-method status="PASS" signature="closePool()[pri:0, instance:by.epam.internetprovider.dao.database.connectionpool.impl.ConnectionPoolOneTest@123ef382]" name="closePool" is-config="true" duration-ms="1" started-at="2017-12-27T13:23:46Z" finished-at="2017-12-27T13:23:46Z">
          <reporter-output>
          </reporter-output>
        </test-method> <!-- closePool -->
        <test-method status="PASS" signature="initPoll()[pri:0, instance:by.epam.internetprovider.dao.database.connectionpool.impl.ConnectionPoolOneTest@123ef382]" name="initPoll" is-config="true" duration-ms="20" started-at="2017-12-27T13:23:46Z" finished-at="2017-12-27T13:23:46Z">
          <reporter-output>
          </reporter-output>
        </test-method> <!-- initPoll -->
        <test-method status="PASS" signature="releaseConnection()[pri:0, instance:by.epam.internetprovider.dao.database.connectionpool.impl.ConnectionPoolOneTest@123ef382]" name="releaseConnection" duration-ms="2" started-at="2017-12-27T13:23:46Z" finished-at="2017-12-27T13:23:46Z">
          <reporter-output>
          </reporter-output>
        </test-method> <!-- releaseConnection -->
        <test-method status="PASS" signature="closePool()[pri:0, instance:by.epam.internetprovider.dao.database.connectionpool.impl.ConnectionPoolOneTest@123ef382]" name="closePool" is-config="true" duration-ms="0" started-at="2017-12-27T13:23:46Z" finished-at="2017-12-27T13:23:46Z">
          <reporter-output>
          </reporter-output>
        </test-method> <!-- closePool -->
      </class> <!-- by.epam.internetprovider.dao.database.connectionpool.impl.ConnectionPoolOneTest -->
    </test> <!-- Default test -->
  </suite> <!-- Default suite -->
</testng-results>
